# JRE version: OpenJDK Runtime Environment (8.0_362-b09) (build 1.8.0_362-b09)
# Java VM: OpenJDK 64-Bit Server VM (25.362-b09 mixed mode linux-amd64 compressed oops)
Heap:
 PSYoungGen      total 278016K, used 212485K [0x00000000eab00000, 0x0000000100000000, 0x0000000100000000)
  eden space 208896K, 100% used [0x00000000eab00000,0x00000000f7700000,0x00000000f7700000)
  from space 69120K, 5% used [0x00000000f7700000,0x00000000f7a81778,0x00000000fba80000)
  to   space 66560K, 3% used [0x00000000fbf00000,0x00000000fc144010,0x0000000100000000)
 ParOldGen       total 699392K, used 41705K [0x00000000c0000000, 0x00000000eab00000, 0x00000000eab00000)
  object space 699392K, 5% used [0x00000000c0000000,0x00000000c28ba588,0x00000000eab00000)
 Metaspace       used 50113K, capacity 53784K, committed 53976K, reserved 1097728K
  class space    used 4687K, capacity 5035K, committed 5120K, reserved 1048576K
GC Heap History (39 events):
Event: 1.004 GC heap before
{Heap before GC invocations=1 (full 0):
 PSYoungGen      total 305664K, used 262144K [0x00000000eab00000, 0x0000000100000000, 0x0000000100000000)
  eden space 262144K, 100% used [0x00000000eab00000,0x00000000fab00000,0x00000000fab00000)
  from space 43520K, 0% used [0x00000000fd580000,0x00000000fd580000,0x0000000100000000)
  to   space 43520K, 0% used [0x00000000fab00000,0x00000000fab00000,0x00000000fd580000)
 ParOldGen       total 699392K, used 0K [0x00000000c0000000, 0x00000000eab00000, 0x00000000eab00000)
  object space 699392K, 0% used [0x00000000c0000000,0x00000000c0000000,0x00000000eab00000)
 Metaspace       used 19389K, capacity 19898K, committed 20096K, reserved 1067008K
  class space    used 2010K, capacity 2171K, committed 2176K, reserved 1048576K
Event: 1.023 GC heap after
Heap after GC invocations=1 (full 0):
 PSYoungGen      total 305664K, used 32218K [0x00000000eab00000, 0x0000000100000000, 0x0000000100000000)
  eden space 262144K, 0% used [0x00000000eab00000,0x00000000eab00000,0x00000000fab00000)
  from space 43520K, 74% used [0x00000000fab00000,0x00000000fca76850,0x00000000fd580000)
  to   space 43520K, 0% used [0x00000000fd580000,0x00000000fd580000,0x0000000100000000)
 ParOldGen       total 699392K, used 160K [0x00000000c0000000, 0x00000000eab00000, 0x00000000eab00000)
  object space 699392K, 0% used [0x00000000c0000000,0x00000000c0028020,0x00000000eab00000)
 Metaspace       used 19389K, capacity 19898K, committed 20096K, reserved 1067008K
  class space    used 2010K, capacity 2171K, committed 2176K, reserved 1048576K
}
Event: 1.412 GC heap before
{Heap before GC invocations=2 (full 0):
 PSYoungGen      total 305664K, used 294362K [0x00000000eab00000, 0x0000000100000000, 0x0000000100000000)
  eden space 262144K, 100% used [0x00000000eab00000,0x00000000fab00000,0x00000000fab00000)
  from space 43520K, 74% used [0x00000000fab00000,0x00000000fca76850,0x00000000fd580000)
  to   space 43520K, 0% used [0x00000000fd580000,0x00000000fd580000,0x0000000100000000)
 ParOldGen       total 699392K, used 160K [0x00000000c0000000, 0x00000000eab00000, 0x00000000eab00000)
  object space 699392K, 0% used [0x00000000c0000000,0x00000000c0028020,0x00000000eab00000)
 Metaspace       used 19404K, capacity 19898K, committed 20096K, reserved 1067008K
  class space    used 2010K, capacity 2171K, committed 2176K, reserved 1048576K
Event: 1.448 GC heap after
Heap after GC invocations=2 (full 0):
 PSYoungGen      total 305664K, used 43496K [0x00000000eab00000, 0x0000000100000000, 0x0000000100000000)
  eden space 262144K, 0% used [0x00000000eab00000,0x00000000eab00000,0x00000000fab00000)
  from space 43520K, 99% used [0x00000000fd580000,0x00000000ffffa060,0x0000000100000000)
  to   space 43520K, 0% used [0x00000000fab00000,0x00000000fab00000,0x00000000fd580000)
 ParOldGen       total 699392K, used 5819K [0x00000000c0000000, 0x00000000eab00000, 0x00000000eab00000)
  object space 699392K, 0% used [0x00000000c0000000,0x00000000c05aed80,0x00000000eab00000)
 Metaspace       used 19404K, capacity 19898K, committed 20096K, reserved 1067008K
  class space    used 2010K, capacity 2171K, committed 2176K, reserved 1048576K
}
Event: 1.878 GC heap before
{Heap before GC invocations=3 (full 0):
 PSYoungGen      total 305664K, used 305640K [0x00000000eab00000, 0x0000000100000000, 0x0000000100000000)
  eden space 262144K, 100% used [0x00000000eab00000,0x00000000fab00000,0x00000000fab00000)
  from space 43520K, 99% used [0x00000000fd580000,0x00000000ffffa060,0x0000000100000000)
  to   space 43520K, 0% used [0x00000000fab00000,0x00000000fab00000,0x00000000fd580000)
 ParOldGen       total 699392K, used 5819K [0x00000000c0000000, 0x00000000eab00000, 0x00000000eab00000)
  object space 699392K, 0% used [0x00000000c0000000,0x00000000c05aed80,0x00000000eab00000)
 Metaspace       used 19918K, capacity 20462K, committed 20736K, reserved 1067008K
  class space    used 2046K, capacity 2207K, committed 2304K, reserved 1048576K
Event: 1.926 GC heap after
Heap after GC invocations=3 (full 0):
 PSYoungGen      total 305664K, used 43503K [0x00000000eab00000, 0x0000000100000000, 0x0000000100000000)
  eden space 262144K, 0% used [0x00000000eab00000,0x00000000eab00000,0x00000000fab00000)
  from space 43520K, 99% used [0x00000000fab00000,0x00000000fd57be88,0x00000000fd580000)
  to   space 43520K, 0% used [0x00000000fd580000,0x00000000fd580000,0x0000000100000000)
 ParOldGen       total 699392K, used 15387K [0x00000000c0000000, 0x00000000eab00000, 0x00000000eab00000)
  object space 699392K, 2% used [0x00000000c0000000,0x00000000c0f06c00,0x00000000eab00000)
 Metaspace       used 19918K, capacity 20462K, committed 20736K, reserved 1067008K
  class space    used 2046K, capacity 2207K, committed 2304K, reserved 1048576K
}
Event: 2.309 GC heap before
{Heap before GC invocations=4 (full 0):
 PSYoungGen      total 305664K, used 305647K [0x00000000eab00000, 0x0000000100000000, 0x0000000100000000)
  eden space 262144K, 100% used [0x00000000eab00000,0x00000000fab00000,0x00000000fab00000)
  from space 43520K, 99% used [0x00000000fab00000,0x00000000fd57be88,0x00000000fd580000)
  to   space 43520K, 0% used [0x00000000fd580000,0x00000000fd580000,0x0000000100000000)
 ParOldGen       total 699392K, used 15387K [0x00000000c0000000, 0x00000000eab00000, 0x00000000eab00000)
  object space 699392K, 2% used [0x00000000c0000000,0x00000000c0f06c00,0x00000000eab00000)
 Metaspace       used 20060K, capacity 20590K, committed 20992K, reserved 1069056K
  class space    used 2046K, capacity 2207K, committed 2304K, reserved 1048576K
Event: 2.373 GC heap after
Heap after GC invocations=4 (full 0):
 PSYoungGen      total 305664K, used 43511K [0x00000000eab00000, 0x0000000100000000, 0x0000000100000000)
  eden space 262144K, 0% used [0x00000000eab00000,0x00000000eab00000,0x00000000fab00000)
  from space 43520K, 99% used [0x00000000fd580000,0x00000000ffffdeb8,0x0000000100000000)
  to   space 43520K, 0% used [0x00000000fab00000,0x00000000fab00000,0x00000000fd580000)
 ParOldGen       total 699392K, used 34308K [0x00000000c0000000, 0x00000000eab00000, 0x00000000eab00000)
  object space 699392K, 4% used [0x00000000c0000000,0x00000000c2181398,0x00000000eab00000)
 Metaspace       used 20060K, capacity 20590K, committed 20992K, reserved 1069056K
  class space    used 2046K, capacity 2207K, committed 2304K, reserved 1048576K
}
Event: 2.747 GC heap before
{Heap before GC invocations=5 (full 0):
 PSYoungGen      total 305664K, used 270163K [0x00000000eab00000, 0x0000000100000000, 0x0000000100000000)
  eden space 262144K, 86% used [0x00000000eab00000,0x00000000f8857060,0x00000000fab00000)
  from space 43520K, 99% used [0x00000000fd580000,0x00000000ffffdeb8,0x0000000100000000)
  to   space 43520K, 0% used [0x00000000fab00000,0x00000000fab00000,0x00000000fd580000)
 ParOldGen       total 699392K, used 34308K [0x00000000c0000000, 0x00000000eab00000, 0x00000000eab00000)
  object space 699392K, 4% used [0x00000000c0000000,0x00000000c2181398,0x00000000eab00000)
 Metaspace       used 20607K, capacity 21102K, committed 21248K, reserved 1069056K
  class space    used 2095K, capacity 2271K, committed 2304K, reserved 1048576K
Event: 2.787 GC heap after
Heap after GC invocations=5 (full 0):
 PSYoungGen      total 305664K, used 43499K [0x00000000eab00000, 0x0000000100000000, 0x0000000100000000)
  eden space 262144K, 0% used [0x00000000eab00000,0x00000000eab00000,0x00000000fab00000)
  from space 43520K, 99% used [0x00000000fab00000,0x00000000fd57ae88,0x00000000fd580000)
  to   space 43520K, 0% used [0x00000000fd580000,0x00000000fd580000,0x0000000100000000)
 ParOldGen       total 699392K, used 37810K [0x00000000c0000000, 0x00000000eab00000, 0x00000000eab00000)
  object space 699392K, 5% used [0x00000000c0000000,0x00000000c24ec8b8,0x00000000eab00000)
 Metaspace       used 20607K, capacity 21102K, committed 21248K, reserved 1069056K
  class space    used 2095K, capacity 2271K, committed 2304K, reserved 1048576K
}
Event: 2.787 GC heap before
{Heap before GC invocations=6 (full 1):
 PSYoungGen      total 305664K, used 43499K [0x00000000eab00000, 0x0000000100000000, 0x0000000100000000)
  eden space 262144K, 0% used [0x00000000eab00000,0x00000000eab00000,0x00000000fab00000)
  from space 43520K, 99% used [0x00000000fab00000,0x00000000fd57ae88,0x00000000fd580000)
  to   space 43520K, 0% used [0x00000000fd580000,0x00000000fd580000,0x0000000100000000)
 ParOldGen       total 699392K, used 37810K [0x00000000c0000000, 0x00000000eab00000, 0x00000000eab00000)
  object space 699392K, 5% used [0x00000000c0000000,0x00000000c24ec8b8,0x00000000eab00000)
 Metaspace       used 20607K, capacity 21102K, committed 21248K, reserved 1069056K
  class space    used 2095K, capacity 2271K, committed 2304K, reserved 1048576K
Event: 2.818 GC heap after
Heap after GC invocations=6 (full 1):
 PSYoungGen      total 305664K, used 0K [0x00000000eab00000, 0x0000000100000000, 0x0000000100000000)
  eden space 262144K, 0% used [0x00000000eab00000,0x00000000eab00000,0x00000000fab00000)
  from space 43520K, 0% used [0x00000000fab00000,0x00000000fab00000,0x00000000fd580000)
  to   space 43520K, 0% used [0x00000000fd580000,0x00000000fd580000,0x0000000100000000)
 ParOldGen       total 699392K, used 44630K [0x00000000c0000000, 0x00000000eab00000, 0x00000000eab00000)
  object space 699392K, 6% used [0x00000000c0000000,0x00000000c2b95890,0x00000000eab00000)
 Metaspace       used 20607K, capacity 21102K, committed 21248K, reserved 1069056K
  class space    used 2095K, capacity 2271K, committed 2304K, reserved 1048576K
}
Event: 80.432 GC heap before
{Heap before GC invocations=7 (full 1):
 PSYoungGen      total 305664K, used 156572K [0x00000000eab00000, 0x0000000100000000, 0x0000000100000000)
  eden space 262144K, 59% used [0x00000000eab00000,0x00000000f43e72a0,0x00000000fab00000)
  from space 43520K, 0% used [0x00000000fab00000,0x00000000fab00000,0x00000000fd580000)
  to   space 43520K, 0% used [0x00000000fd580000,0x00000000fd580000,0x0000000100000000)
 ParOldGen       total 699392K, used 44630K [0x00000000c0000000, 0x00000000eab00000, 0x00000000eab00000)
  object space 699392K, 6% used [0x00000000c0000000,0x00000000c2b95890,0x00000000eab00000)
 Metaspace       used 34467K, capacity 35136K, committed 35416K, reserved 1081344K
  class space    used 3798K, capacity 3948K, committed 3968K, reserved 1048576K
Event: 80.445 GC heap after
Heap after GC invocations=7 (full 1):
 PSYoungGen      total 247296K, used 17287K [0x00000000eab00000, 0x0000000100000000, 0x0000000100000000)
  eden space 203776K, 0% used [0x00000000eab00000,0x00000000eab00000,0x00000000f7200000)
  from space 43520K, 39% used [0x00000000fd580000,0x00000000fe661ce0,0x0000000100000000)
  to   space 72704K, 0% used [0x00000000f7200000,0x00000000f7200000,0x00000000fb900000)
 ParOldGen       total 699392K, used 44654K [0x00000000c0000000, 0x00000000eab00000, 0x00000000eab00000)
  object space 699392K, 6% used [0x00000000c0000000,0x00000000c2b9b8a8,0x00000000eab00000)
 Metaspace       used 34467K, capacity 35136K, committed 35416K, reserved 1081344K
  class space    used 3798K, capacity 3948K, committed 3968K, reserved 1048576K
}
Event: 80.445 GC heap before
{Heap before GC invocations=8 (full 2):
 PSYoungGen      total 247296K, used 17287K [0x00000000eab00000, 0x0000000100000000, 0x0000000100000000)
  eden space 203776K, 0% used [0x00000000eab00000,0x00000000eab00000,0x00000000f7200000)
  from space 43520K, 39% used [0x00000000fd580000,0x00000000fe661ce0,0x0000000100000000)
  to   space 72704K, 0% used [0x00000000f7200000,0x00000000f7200000,0x00000000fb900000)
 ParOldGen       total 699392K, used 44654K [0x00000000c0000000, 0x00000000eab00000, 0x00000000eab00000)
  object space 699392K, 6% used [0x00000000c0000000,0x00000000c2b9b8a8,0x00000000eab00000)
 Metaspace       used 34467K, capacity 35136K, committed 35416K, reserved 1081344K
  class space    used 3798K, capacity 3948K, committed 3968K, reserved 1048576K
Event: 80.476 GC heap after
Heap after GC invocations=8 (full 2):
 PSYoungGen      total 247296K, used 0K [0x00000000eab00000, 0x0000000100000000, 0x0000000100000000)
  eden space 203776K, 0% used [0x00000000eab00000,0x00000000eab00000,0x00000000f7200000)
  from space 43520K, 0% used [0x00000000fd580000,0x00000000fd580000,0x0000000100000000)
  to   space 72704K, 0% used [0x00000000f7200000,0x00000000f7200000,0x00000000fb900000)
 ParOldGen       total 699392K, used 29263K [0x00000000c0000000, 0x00000000eab00000, 0x00000000eab00000)
  object space 699392K, 4% used [0x00000000c0000000,0x00000000c1c93d98,0x00000000eab00000)
 Metaspace       used 34467K, capacity 35136K, committed 35416K, reserved 1081344K
  class space    used 3798K, capacity 3948K, committed 3968K, reserved 1048576K
}
Event: 81.209 GC heap before
{Heap before GC invocations=9 (full 2):
 PSYoungGen      total 247296K, used 203776K [0x00000000eab00000, 0x0000000100000000, 0x0000000100000000)
  eden space 203776K, 100% used [0x00000000eab00000,0x00000000f7200000,0x00000000f7200000)
  from space 43520K, 0% used [0x00000000fd580000,0x00000000fd580000,0x0000000100000000)
  to   space 72704K, 0% used [0x00000000f7200000,0x00000000f7200000,0x00000000fb900000)
 ParOldGen       total 699392K, used 29263K [0x00000000c0000000, 0x00000000eab00000, 0x00000000eab00000)
  object space 699392K, 4% used [0x00000000c0000000,0x00000000c1c93d98,0x00000000eab00000)
 Metaspace       used 42066K, capacity 42896K, committed 43224K, reserved 1087488K
  class space    used 4387K, capacity 4565K, committed 4608K, reserved 1048576K
Event: 81.236 GC heap after
Heap after GC invocations=9 (full 2):
 PSYoungGen      total 276480K, used 26075K [0x00000000eab00000, 0x0000000100000000, 0x0000000100000000)
  eden space 203776K, 0% used [0x00000000eab00000,0x00000000eab00000,0x00000000f7200000)
  from space 72704K, 35% used [0x00000000f7200000,0x00000000f8b76dd0,0x00000000fb900000)
  to   space 72704K, 0% used [0x00000000fb900000,0x00000000fb900000,0x0000000100000000)
 ParOldGen       total 699392K, used 29271K [0x00000000c0000000, 0x00000000eab00000, 0x00000000eab00000)
  object space 699392K, 4% used [0x00000000c0000000,0x00000000c1c95d98,0x00000000eab00000)
 Metaspace       used 42066K, capacity 42896K, committed 43224K, reserved 1087488K
  class space    used 4387K, capacity 4565K, committed 4608K, reserved 1048576K
}
Event: 274.508 GC heap before
{Heap before GC invocations=10 (full 2):
 PSYoungGen      total 276480K, used 229851K [0x00000000eab00000, 0x0000000100000000, 0x0000000100000000)
  eden space 203776K, 100% used [0x00000000eab00000,0x00000000f7200000,0x00000000f7200000)
  from space 72704K, 35% used [0x00000000f7200000,0x00000000f8b76dd0,0x00000000fb900000)
  to   space 72704K, 0% used [0x00000000fb900000,0x00000000fb900000,0x0000000100000000)
 ParOldGen       total 699392K, used 29271K [0x00000000c0000000, 0x00000000eab00000, 0x00000000eab00000)
  object space 699392K, 4% used [0x00000000c0000000,0x00000000c1c95d98,0x00000000eab00000)
 Metaspace       used 43864K, capacity 45266K, committed 45400K, reserved 1089536K
  class space    used 4466K, capacity 4689K, committed 4736K, reserved 1048576K
Event: 274.515 GC heap after
Heap after GC invocations=10 (full 2):
 PSYoungGen      total 270336K, used 5557K [0x00000000eab00000, 0x0000000100000000, 0x0000000100000000)
  eden space 197632K, 0% used [0x00000000eab00000,0x00000000eab00000,0x00000000f6c00000)
  from space 72704K, 7% used [0x00000000fb900000,0x00000000fbe6d418,0x0000000100000000)
  to   space 75776K, 0% used [0x00000000f6c00000,0x00000000f6c00000,0x00000000fb600000)
 ParOldGen       total 699392K, used 29279K [0x00000000c0000000, 0x00000000eab00000, 0x00000000eab00000)
  object space 699392K, 4% used [0x00000000c0000000,0x00000000c1c97d98,0x00000000eab00000)
 Metaspace       used 43864K, capacity 45266K, committed 45400K, reserved 1089536K
  class space    used 4466K, capacity 4689K, committed 4736K, reserved 1048576K
}
Event: 1235.873 GC heap before
{Heap before GC invocations=11 (full 2):
 PSYoungGen      total 270336K, used 203189K [0x00000000eab00000, 0x0000000100000000, 0x0000000100000000)
  eden space 197632K, 100% used [0x00000000eab00000,0x00000000f6c00000,0x00000000f6c00000)
  from space 72704K, 7% used [0x00000000fb900000,0x00000000fbe6d418,0x0000000100000000)
  to   space 75776K, 0% used [0x00000000f6c00000,0x00000000f6c00000,0x00000000fb600000)
 ParOldGen       total 699392K, used 29279K [0x00000000c0000000, 0x00000000eab00000, 0x00000000eab00000)
  object space 699392K, 4% used [0x00000000c0000000,0x00000000c1c97d98,0x00000000eab00000)
 Metaspace       used 44992K, capacity 46592K, committed 46808K, reserved 1091584K
  class space    used 4529K, capacity 4775K, committed 4864K, reserved 1048576K
Event: 1235.879 GC heap after
Heap after GC invocations=11 (full 2):
 PSYoungGen      total 205312K, used 7371K [0x00000000eab00000, 0x0000000100000000, 0x0000000100000000)
  eden space 197632K, 0% used [0x00000000eab00000,0x00000000eab00000,0x00000000f6c00000)
  from space 7680K, 95% used [0x00000000f6c00000,0x00000000f7332f78,0x00000000f7380000)
  to   space 76800K, 0% used [0x00000000fb500000,0x00000000fb500000,0x0000000100000000)
 ParOldGen       total 699392K, used 29287K [0x00000000c0000000, 0x00000000eab00000, 0x00000000eab00000)
  object space 699392K, 4% used [0x00000000c0000000,0x00000000c1c99d98,0x00000000eab00000)
 Metaspace       used 44992K, capacity 46592K, committed 46808K, reserved 1091584K
  class space    used 4529K, capacity 4775K, committed 4864K, reserved 1048576K
}
Event: 1281.469 GC heap before
{Heap before GC invocations=12 (full 2):
 PSYoungGen      total 205312K, used 204998K [0x00000000eab00000, 0x0000000100000000, 0x0000000100000000)
  eden space 197632K, 99% used [0x00000000eab00000,0x00000000f6bfe990,0x00000000f6c00000)
  from space 7680K, 95% used [0x00000000f6c00000,0x00000000f7332f78,0x00000000f7380000)
  to   space 76800K, 0% used [0x00000000fb500000,0x00000000fb500000,0x0000000100000000)
 ParOldGen       total 699392K, used 29287K [0x00000000c0000000, 0x00000000eab00000, 0x00000000eab00000)
  object space 699392K, 4% used [0x00000000c0000000,0x00000000c1c99d98,0x00000000eab00000)
 Metaspace       used 45842K, capacity 47770K, committed 48088K, reserved 1093632K
  class space    used 4548K, capacity 4795K, committed 4864K, reserved 1048576K
Event: 1281.475 GC heap after
Heap after GC invocations=12 (full 2):
 PSYoungGen      total 271360K, used 6316K [0x00000000eab00000, 0x0000000100000000, 0x0000000100000000)
  eden space 194560K, 0% used [0x00000000eab00000,0x00000000eab00000,0x00000000f6900000)
  from space 76800K, 8% used [0x00000000fb500000,0x00000000fbb2b008,0x0000000100000000)
  to   space 77312K, 0% used [0x00000000f6900000,0x00000000f6900000,0x00000000fb480000)
 ParOldGen       total 699392K, used 31727K [0x00000000c0000000, 0x00000000eab00000, 0x00000000eab00000)
  object space 699392K, 4% used [0x00000000c0000000,0x00000000c1efbc38,0x00000000eab00000)
 Metaspace       used 45842K, capacity 47770K, committed 48088K, reserved 1093632K
  class space    used 4548K, capacity 4795K, committed 4864K, reserved 1048576K
}
Event: 1333.513 GC heap before
{Heap before GC invocations=13 (full 2):
 PSYoungGen      total 271360K, used 200876K [0x00000000eab00000, 0x0000000100000000, 0x0000000100000000)
  eden space 194560K, 100% used [0x00000000eab00000,0x00000000f6900000,0x00000000f6900000)
  from space 76800K, 8% used [0x00000000fb500000,0x00000000fbb2b008,0x0000000100000000)
  to   space 77312K, 0% used [0x00000000f6900000,0x00000000f6900000,0x00000000fb480000)
 ParOldGen       total 699392K, used 31727K [0x00000000c0000000, 0x00000000eab00000, 0x00000000eab00000)
  object space 699392K, 4% used [0x00000000c0000000,0x00000000c1efbc38,0x00000000eab00000)
 Metaspace       used 46657K, capacity 49156K, committed 49496K, reserved 1093632K
  class space    used 4611K, capacity 4902K, committed 4992K, reserved 1048576K
Event: 1333.519 GC heap after
Heap after GC invocations=13 (full 2):
 PSYoungGen      total 271872K, used 4672K [0x00000000eab00000, 0x0000000100000000, 0x0000000100000000)
  eden space 194560K, 0% used [0x00000000eab00000,0x00000000eab00000,0x00000000f6900000)
  from space 77312K, 6% used [0x00000000f6900000,0x00000000f6d90040,0x00000000fb480000)
  to   space 77312K, 0% used [0x00000000fb480000,0x00000000fb480000,0x0000000100000000)
 ParOldGen       total 699392K, used 35355K [0x00000000c0000000, 0x00000000eab00000, 0x00000000eab00000)
  object space 699392K, 5% used [0x00000000c0000000,0x00000000c2286d90,0x00000000eab00000)
 Metaspace       used 46657K, capacity 49156K, committed 49496K, reserved 1093632K
  class space    used 4611K, capacity 4902K, committed 4992K, reserved 1048576K
}
Event: 1476.499 GC heap before
{Heap before GC invocations=14 (full 2):
 PSYoungGen      total 271872K, used 199232K [0x00000000eab00000, 0x0000000100000000, 0x0000000100000000)
  eden space 194560K, 100% used [0x00000000eab00000,0x00000000f6900000,0x00000000f6900000)
  from space 77312K, 6% used [0x00000000f6900000,0x00000000f6d90040,0x00000000fb480000)
  to   space 77312K, 0% used [0x00000000fb480000,0x00000000fb480000,0x0000000100000000)
 ParOldGen       total 699392K, used 35355K [0x00000000c0000000, 0x00000000eab00000, 0x00000000eab00000)
  object space 699392K, 5% used [0x00000000c0000000,0x00000000c2286d90,0x00000000eab00000)
 Metaspace       used 47309K, capacity 50116K, committed 50264K, reserved 1095680K
  class space    used 4636K, capacity 4954K, committed 4992K, reserved 1048576K
Event: 1476.504 GC heap after
Heap after GC invocations=14 (full 2):
 PSYoungGen      total 272896K, used 4686K [0x00000000eab00000, 0x0000000100000000, 0x0000000100000000)
  eden space 195584K, 0% used [0x00000000eab00000,0x00000000eab00000,0x00000000f6a00000)
  from space 77312K, 6% used [0x00000000fb480000,0x00000000fb913b38,0x0000000100000000)
  to   space 76288K, 0% used [0x00000000f6a00000,0x00000000f6a00000,0x00000000fb480000)
 ParOldGen       total 699392K, used 37099K [0x00000000c0000000, 0x00000000eab00000, 0x00000000eab00000)
  object space 699392K, 5% used [0x00000000c0000000,0x00000000c243af60,0x00000000eab00000)
 Metaspace       used 47309K, capacity 50116K, committed 50264K, reserved 1095680K
  class space    used 4636K, capacity 4954K, committed 4992K, reserved 1048576K
}
Event: 50884.676 GC heap before
{Heap before GC invocations=15 (full 2):
 PSYoungGen      total 272896K, used 200270K [0x00000000eab00000, 0x0000000100000000, 0x0000000100000000)
  eden space 195584K, 100% used [0x00000000eab00000,0x00000000f6a00000,0x00000000f6a00000)
  from space 77312K, 6% used [0x00000000fb480000,0x00000000fb913b38,0x0000000100000000)
  to   space 76288K, 0% used [0x00000000f6a00000,0x00000000f6a00000,0x00000000fb480000)
 ParOldGen       total 699392K, used 37099K [0x00000000c0000000, 0x00000000eab00000, 0x00000000eab00000)
  object space 699392K, 5% used [0x00000000c0000000,0x00000000c243af60,0x00000000eab00000)
 Metaspace       used 47814K, capacity 50636K, committed 50776K, reserved 1095680K
  class space    used 4645K, capacity 4967K, committed 4992K, reserved 1048576K
Event: 50884.689 GC heap after
Heap after GC invocations=15 (full 2):
 PSYoungGen      total 271872K, used 4954K [0x00000000eab00000, 0x0000000100000000, 0x0000000100000000)
  eden space 195584K, 0% used [0x00000000eab00000,0x00000000eab00000,0x00000000f6a00000)
  from space 76288K, 6% used [0x00000000f6a00000,0x00000000f6ed6830,0x00000000fb480000)
  to   space 74752K, 0% used [0x00000000fb700000,0x00000000fb700000,0x0000000100000000)
 ParOldGen       total 699392K, used 38470K [0x00000000c0000000, 0x00000000eab00000, 0x00000000eab00000)
  object space 699392K, 5% used [0x00000000c0000000,0x00000000c25918b0,0x00000000eab00000)
 Metaspace       used 47814K, capacity 50636K, committed 50776K, reserved 1095680K
  class space    used 4645K, capacity 4967K, committed 4992K, reserved 1048576K
}
Event: 69910.536 GC heap before
{Heap before GC invocations=16 (full 2):
 PSYoungGen      total 271872K, used 200538K [0x00000000eab00000, 0x0000000100000000, 0x0000000100000000)
  eden space 195584K, 100% used [0x00000000eab00000,0x00000000f6a00000,0x00000000f6a00000)
  from space 76288K, 6% used [0x00000000f6a00000,0x00000000f6ed6830,0x00000000fb480000)
  to   space 74752K, 0% used [0x00000000fb700000,0x00000000fb700000,0x0000000100000000)
 ParOldGen       total 699392K, used 38470K [0x00000000c0000000, 0x00000000eab00000, 0x00000000eab00000)
  object space 699392K, 5% used [0x00000000c0000000,0x00000000c25918b0,0x00000000eab00000)
 Metaspace       used 48326K, capacity 51288K, committed 51544K, reserved 1095680K
  class space    used 4654K, capacity 4971K, committed 4992K, reserved 1048576K
Event: 69910.543 GC heap after
Heap after GC invocations=16 (full 2):
 PSYoungGen      total 275968K, used 5215K [0x00000000eab00000, 0x0000000100000000, 0x0000000100000000)
  eden space 201216K, 0% used [0x00000000eab00000,0x00000000eab00000,0x00000000f6f80000)
  from space 74752K, 6% used [0x00000000fb700000,0x00000000fbc17dd0,0x0000000100000000)
  to   space 73216K, 0% used [0x00000000f6f80000,0x00000000f6f80000,0x00000000fb700000)
 ParOldGen       total 699392K, used 39422K [0x00000000c0000000, 0x00000000eab00000, 0x00000000eab00000)
  object space 699392K, 5% used [0x00000000c0000000,0x00000000c267f910,0x00000000eab00000)
 Metaspace       used 48326K, capacity 51288K, committed 51544K, reserved 1095680K
  class space    used 4654K, capacity 4971K, committed 4992K, reserved 1048576K
}
Event: 70105.985 GC heap before
{Heap before GC invocations=17 (full 2):
 PSYoungGen      total 275968K, used 206431K [0x00000000eab00000, 0x0000000100000000, 0x0000000100000000)
  eden space 201216K, 100% used [0x00000000eab00000,0x00000000f6f80000,0x00000000f6f80000)
  from space 74752K, 6% used [0x00000000fb700000,0x00000000fbc17dd0,0x0000000100000000)
  to   space 73216K, 0% used [0x00000000f6f80000,0x00000000f6f80000,0x00000000fb700000)
 ParOldGen       total 699392K, used 39422K [0x00000000c0000000, 0x00000000eab00000, 0x00000000eab00000)
  object space 699392K, 5% used [0x00000000c0000000,0x00000000c267f910,0x00000000eab00000)
 Metaspace       used 48655K, capacity 51760K, committed 51800K, reserved 1095680K
  class space    used 4661K, capacity 4979K, committed 4992K, reserved 1048576K
Event: 70105.991 GC heap after
Heap after GC invocations=17 (full 2):
 PSYoungGen      total 274432K, used 4104K [0x00000000eab00000, 0x0000000100000000, 0x0000000100000000)
  eden space 201216K, 0% used [0x00000000eab00000,0x00000000eab00000,0x00000000f6f80000)
  from space 73216K, 5% used [0x00000000f6f80000,0x00000000f7382198,0x00000000fb700000)
  to   space 71168K, 0% used [0x00000000fba80000,0x00000000fba80000,0x0000000100000000)
 ParOldGen       total 699392K, used 41048K [0x00000000c0000000, 0x00000000eab00000, 0x00000000eab00000)
  object space 699392K, 5% used [0x00000000c0000000,0x00000000c2816198,0x00000000eab00000)
 Metaspace       used 48655K, capacity 51760K, committed 51800K, reserved 1095680K
  class space    used 4661K, capacity 4979K, committed 4992K, reserved 1048576K
}
Event: 70349.720 GC heap before
{Heap before GC invocations=18 (full 2):
 PSYoungGen      total 274432K, used 205320K [0x00000000eab00000, 0x0000000100000000, 0x0000000100000000)
  eden space 201216K, 100% used [0x00000000eab00000,0x00000000f6f80000,0x00000000f6f80000)
  from space 73216K, 5% used [0x00000000f6f80000,0x00000000f7382198,0x00000000fb700000)
  to   space 71168K, 0% used [0x00000000fba80000,0x00000000fba80000,0x0000000100000000)
 ParOldGen       total 699392K, used 41048K [0x00000000c0000000, 0x00000000eab00000, 0x00000000eab00000)
  object space 699392K, 5% used [0x00000000c0000000,0x00000000c2816198,0x00000000eab00000)
 Metaspace       used 49124K, capacity 52526K, committed 52696K, reserved 1097728K
  class space    used 4677K, capacity 5021K, committed 5120K, reserved 1048576K
Event: 70349.724 GC heap after
Heap after GC invocations=18 (full 2):
 PSYoungGen      total 280064K, used 2627K [0x00000000eab00000, 0x0000000100000000, 0x0000000100000000)
  eden space 208896K, 0% used [0x00000000eab00000,0x00000000eab00000,0x00000000f7700000)
  from space 71168K, 3% used [0x00000000fba80000,0x00000000fbd10e60,0x0000000100000000)
  to   space 69120K, 0% used [0x00000000f7700000,0x00000000f7700000,0x00000000fba80000)
 ParOldGen       total 699392K, used 41689K [0x00000000c0000000, 0x00000000eab00000, 0x00000000eab00000)
  object space 699392K, 5% used [0x00000000c0000000,0x00000000c28b6588,0x00000000eab00000)
 Metaspace       used 49124K, capacity 52526K, committed 52696K, reserved 1097728K
  class space    used 4677K, capacity 5021K, committed 5120K, reserved 1048576K
}
Event: 70677.876 GC heap before
{Heap before GC invocations=19 (full 2):
 PSYoungGen      total 280064K, used 211523K [0x00000000eab00000, 0x0000000100000000, 0x0000000100000000)
  eden space 208896K, 100% used [0x00000000eab00000,0x00000000f7700000,0x00000000f7700000)
  from space 71168K, 3% used [0x00000000fba80000,0x00000000fbd10e60,0x0000000100000000)
  to   space 69120K, 0% used [0x00000000f7700000,0x00000000f7700000,0x00000000fba80000)
 ParOldGen       total 699392K, used 41689K [0x00000000c0000000, 0x00000000eab00000, 0x00000000eab00000)
  object space 699392K, 5% used [0x00000000c0000000,0x00000000c28b6588,0x00000000eab00000)
 Metaspace       used 49442K, capacity 53068K, committed 53208K, reserved 1097728K
  class space    used 4684K, capacity 5031K, committed 5120K, reserved 1048576K
Event: 70677.881 GC heap after
Heap after GC invocations=19 (full 2):
 PSYoungGen      total 278016K, used 3589K [0x00000000eab00000, 0x0000000100000000, 0x0000000100000000)
  eden space 208896K, 0% used [0x00000000eab00000,0x00000000eab00000,0x00000000f7700000)
  from space 69120K, 5% used [0x00000000f7700000,0x00000000f7a81778,0x00000000fba80000)
  to   space 66560K, 0% used [0x00000000fbf00000,0x00000000fbf00000,0x0000000100000000)
 ParOldGen       total 699392K, used 41697K [0x00000000c0000000, 0x00000000eab00000, 0x00000000eab00000)
  object space 699392K, 5% used [0x00000000c0000000,0x00000000c28b8588,0x00000000eab00000)
 Metaspace       used 49442K, capacity 53068K, committed 53208K, reserved 1097728K
  class space    used 4684K, capacity 5031K, committed 5120K, reserved 1048576K
}
Event: 72201.336 GC heap before
{Heap before GC invocations=20 (full 2):
 PSYoungGen      total 278016K, used 212485K [0x00000000eab00000, 0x0000000100000000, 0x0000000100000000)
  eden space 208896K, 100% used [0x00000000eab00000,0x00000000f7700000,0x00000000f7700000)
  from space 69120K, 5% used [0x00000000f7700000,0x00000000f7a81778,0x00000000fba80000)
  to   space 66560K, 0% used [0x00000000fbf00000,0x00000000fbf00000,0x0000000100000000)
 ParOldGen       total 699392K, used 41697K [0x00000000c0000000, 0x00000000eab00000, 0x00000000eab00000)
  object space 699392K, 5% used [0x00000000c0000000,0x00000000c28b8588,0x00000000eab00000)
 Metaspace       used 50113K, capacity 53784K, committed 53976K, reserved 1097728K
  class space    used 4687K, capacity 5035K, committed 5120K, reserved 1048576K

